The system is: Windows - 10.0.22000 - AMD64
Compiling the C compiler identification source file "CMakeCCompilerId.c" succeeded.
Compiler: D:/Software/VS2022/VC/Tools/MSVC/14.34.31933/bin/Hostx64/x64/cl.exe 
Build flags: 
Id flags:  

The output was:
0
用于 x64 的 Microsoft (R) C/C++ 优化编译器 19.34.31937 版
版权所有(C) Microsoft Corporation。保留所有权利。

CMakeCCompilerId.c
Microsoft (R) Incremental Linker Version 14.34.31937.0
Copyright (C) Microsoft Corporation.  All rights reserved.

/out:CMakeCCompilerId.exe 
CMakeCCompilerId.obj 


Compilation of the C compiler identification source "CMakeCCompilerId.c" produced "CMakeCCompilerId.exe"

Compilation of the C compiler identification source "CMakeCCompilerId.c" produced "CMakeCCompilerId.obj"

The C compiler identification is MSVC, found in "D:/code/compile_experiment/cmake-build-debug/CMakeFiles/3.21.1/CompilerIdC/CMakeCCompilerId.exe"

Compiling the CXX compiler identification source file "CMakeCXXCompilerId.cpp" succeeded.
Compiler: D:/Software/VS2022/VC/Tools/MSVC/14.34.31933/bin/Hostx64/x64/cl.exe 
Build flags: 
Id flags:  

The output was:
0
用于 x64 的 Microsoft (R) C/C++ 优化编译器 19.34.31937 版
版权所有(C) Microsoft Corporation。保留所有权利。

CMakeCXXCompilerId.cpp
Microsoft (R) Incremental Linker Version 14.34.31937.0
Copyright (C) Microsoft Corporation.  All rights reserved.

/out:CMakeCXXCompilerId.exe 
CMakeCXXCompilerId.obj 


Compilation of the CXX compiler identification source "CMakeCXXCompilerId.cpp" produced "CMakeCXXCompilerId.exe"

Compilation of the CXX compiler identification source "CMakeCXXCompilerId.cpp" produced "CMakeCXXCompilerId.obj"

The CXX compiler identification is MSVC, found in "D:/code/compile_experiment/cmake-build-debug/CMakeFiles/3.21.1/CompilerIdCXX/CMakeCXXCompilerId.exe"

Detecting C compiler ABI info compiled with the following output:
Change Dir: D:/code/compile_experiment/cmake-build-debug/CMakeFiles/CMakeTmp

Run Build Command(s):D:/Software/JetBrains/CLion 2021.3.3/bin/ninja/win/ninja.exe cmTC_f8eb8 && [1/2] Building C object CMakeFiles\cmTC_f8eb8.dir\CMakeCCompilerABI.c.obj
[2/2] Linking C executable cmTC_f8eb8.exe



Detecting CXX compiler ABI info compiled with the following output:
Change Dir: D:/code/compile_experiment/cmake-build-debug/CMakeFiles/CMakeTmp

Run Build Command(s):D:/Software/JetBrains/CLion 2021.3.3/bin/ninja/win/ninja.exe cmTC_67d33 && [1/2] Building CXX object CMakeFiles\cmTC_67d33.dir\CMakeCXXCompilerABI.cpp.obj
[2/2] Linking CXX executable cmTC_67d33.exe



